0 info it worked if it ends with ok
1 verbose cli [ '/usr/local/bin/node', '/usr/local/bin/npm', 'start' ]
2 info using npm@3.9.5
3 info using node@v6.2.2
4 verbose run-script [ 'prestart', 'start', 'poststart' ]
5 info lifecycle hbslackbot@0.1.0~prestart: hbslackbot@0.1.0
6 silly lifecycle hbslackbot@0.1.0~prestart: no script for prestart, continuing
7 info lifecycle hbslackbot@0.1.0~start: hbslackbot@0.1.0
8 verbose lifecycle hbslackbot@0.1.0~start: unsafe-perm in lifecycle true
9 verbose lifecycle hbslackbot@0.1.0~start: PATH: /usr/local/lib/node_modules/npm/bin/node-gyp-bin:/Users/Matthew/Dropbox/Development/web/hbslackbot/node_modules/.bin:/usr/local/bin:/Users/Matthew/.node/bin:/Applications/Sublime\ Text.app/Contents/SharedSupport/bin:/Users/Matthew/Documents/adt-bundle-mac-x86_64-20140702/sdk/platform-tools:/Users/Matthew/.kwm/scripts:/Users/Matthew/Dropbox/Development/osx/kwm/bin:/Users/Matthew/Dropbox/Development/osx/transmission-remote-cli:/usr/bin:/bin:/opt/local/bin:/opt/local/sbin:/Library/Frameworks/Python.framework/Versions/3.5/bin:/usr/local/bin:/Users/Matthew/.rvm/gems/ruby-2.1.3/bin:/Users/Matthew/.rvm/gems/ruby-2.1.3@global/bin:/Users/Matthew/.rvm/rubies/ruby-2.1.3/bin:/usr/local/bin:/usr/bin:/bin:/usr/sbin:/sbin:/opt/X11/bin:/usr/local/go/bin:/Users/Matthew/.rvm/bin:/Applications/Postgres.app/Contents/Versions/latest/bin
10 verbose lifecycle hbslackbot@0.1.0~start: CWD: /Users/Matthew/Dropbox/Development/web/hbslackbot
11 silly lifecycle hbslackbot@0.1.0~start: Args: [ '-c', 'babel src --out-dir build && node build/main.js' ]
12 silly lifecycle hbslackbot@0.1.0~start: Returned: code: 1  signal: null
13 info lifecycle hbslackbot@0.1.0~start: Failed to exec start script
14 verbose stack Error: hbslackbot@0.1.0 start: `babel src --out-dir build && node build/main.js`
14 verbose stack Exit status 1
14 verbose stack     at EventEmitter.<anonymous> (/usr/local/lib/node_modules/npm/lib/utils/lifecycle.js:245:16)
14 verbose stack     at emitTwo (events.js:106:13)
14 verbose stack     at EventEmitter.emit (events.js:191:7)
14 verbose stack     at ChildProcess.<anonymous> (/usr/local/lib/node_modules/npm/lib/utils/spawn.js:24:14)
14 verbose stack     at emitTwo (events.js:106:13)
14 verbose stack     at ChildProcess.emit (events.js:191:7)
14 verbose stack     at maybeClose (internal/child_process.js:852:16)
14 verbose stack     at Process.ChildProcess._handle.onexit (internal/child_process.js:215:5)
15 verbose pkgid hbslackbot@0.1.0
16 verbose cwd /Users/Matthew/Dropbox/Development/web/hbslackbot
17 error Darwin 15.4.0
18 error argv "/usr/local/bin/node" "/usr/local/bin/npm" "start"
19 error node v6.2.2
20 error npm  v3.9.5
21 error code ELIFECYCLE
22 error hbslackbot@0.1.0 start: `babel src --out-dir build && node build/main.js`
22 error Exit status 1
23 error Failed at the hbslackbot@0.1.0 start script 'babel src --out-dir build && node build/main.js'.
23 error Make sure you have the latest version of node.js and npm installed.
23 error If you do, this is most likely a problem with the hbslackbot package,
23 error not with npm itself.
23 error Tell the author that this fails on your system:
23 error     babel src --out-dir build && node build/main.js
23 error You can get information on how to open an issue for this project with:
23 error     npm bugs hbslackbot
23 error Or if that isn't available, you can get their info via:
23 error     npm owner ls hbslackbot
23 error There is likely additional logging output above.
24 verbose exit [ 1, true ]
